{
  "meta": {
    "format": 3,
    "version": "7.6.1",
    "timestamp": "2024-09-13T13:33:57.477040",
    "branch_coverage": false,
    "show_contexts": false
  },
  "files": {
    "bash_exit_codes.py": {
      "executed_lines": [
        1, 4, 7, 9, 22, 23, 24, 25, 26, 27, 29, 30, 31, 34, 35, 36, 37, 38, 39,
        40, 41, 42, 43, 44, 45, 46, 47, 48, 49, 50, 51, 52, 53, 54, 55, 56, 57,
        58, 59
      ],
      "summary": {
        "covered_lines": 38,
        "num_statements": 40,
        "percent_covered": 95.0,
        "percent_covered_display": "95",
        "missing_lines": 2,
        "excluded_lines": 0
      },
      "missing_lines": [60, 61],
      "excluded_lines": [],
      "functions": {
        "test_exit_codes": {
          "executed_lines": [9, 22, 23, 24, 25, 26, 27, 29, 30, 31],
          "summary": {
            "covered_lines": 10,
            "num_statements": 10,
            "percent_covered": 100.0,
            "percent_covered_display": "100",
            "missing_lines": 0,
            "excluded_lines": 0
          },
          "missing_lines": [],
          "excluded_lines": []
        },
        "": {
          "executed_lines": [
            1, 4, 7, 34, 35, 36, 37, 38, 39, 40, 41, 42, 43, 44, 45, 46, 47, 48,
            49, 50, 51, 52, 53, 54, 55, 56, 57, 58, 59
          ],
          "summary": {
            "covered_lines": 28,
            "num_statements": 30,
            "percent_covered": 93.33333333333333,
            "percent_covered_display": "93",
            "missing_lines": 2,
            "excluded_lines": 0
          },
          "missing_lines": [60, 61],
          "excluded_lines": []
        }
      },
      "classes": {
        "": {
          "executed_lines": [
            1, 4, 7, 9, 22, 23, 24, 25, 26, 27, 29, 30, 31, 34, 35, 36, 37, 38,
            39, 40, 41, 42, 43, 44, 45, 46, 47, 48, 49, 50, 51, 52, 53, 54, 55,
            56, 57, 58, 59
          ],
          "summary": {
            "covered_lines": 38,
            "num_statements": 40,
            "percent_covered": 95.0,
            "percent_covered_display": "95",
            "missing_lines": 2,
            "excluded_lines": 0
          },
          "missing_lines": [60, 61],
          "excluded_lines": []
        }
      }
    },
    "test_bash_exit_codes.py": {
      "executed_lines": [
        1, 2, 3, 4, 6, 8, 9, 10, 11, 12, 13, 15, 16, 17, 18, 19, 20, 22, 23, 24,
        25, 26, 27, 29, 30, 31, 32, 33, 34, 36, 37, 38, 39, 40, 41, 43, 44, 45,
        46, 47, 48, 50, 51, 52, 53, 54, 55, 57
      ],
      "summary": {
        "covered_lines": 48,
        "num_statements": 49,
        "percent_covered": 97.95918367346938,
        "percent_covered_display": "98",
        "missing_lines": 1,
        "excluded_lines": 0
      },
      "missing_lines": [58],
      "excluded_lines": [],
      "functions": {
        "TestBashExitCodes.test_success_exit_code": {
          "executed_lines": [10, 11, 12, 13],
          "summary": {
            "covered_lines": 4,
            "num_statements": 4,
            "percent_covered": 100.0,
            "percent_covered_display": "100",
            "missing_lines": 0,
            "excluded_lines": 0
          },
          "missing_lines": [],
          "excluded_lines": []
        },
        "TestBashExitCodes.test_general_error_exit_code": {
          "executed_lines": [17, 18, 19, 20],
          "summary": {
            "covered_lines": 4,
            "num_statements": 4,
            "percent_covered": 100.0,
            "percent_covered_display": "100",
            "missing_lines": 0,
            "excluded_lines": 0
          },
          "missing_lines": [],
          "excluded_lines": []
        },
        "TestBashExitCodes.test_command_not_found_exit_code": {
          "executed_lines": [24, 25, 26, 27],
          "summary": {
            "covered_lines": 4,
            "num_statements": 4,
            "percent_covered": 100.0,
            "percent_covered_display": "100",
            "missing_lines": 0,
            "excluded_lines": 0
          },
          "missing_lines": [],
          "excluded_lines": []
        },
        "TestBashExitCodes.test_invalid_exit_argument_exit_code": {
          "executed_lines": [31, 32, 33, 34],
          "summary": {
            "covered_lines": 4,
            "num_statements": 4,
            "percent_covered": 100.0,
            "percent_covered_display": "100",
            "missing_lines": 0,
            "excluded_lines": 0
          },
          "missing_lines": [],
          "excluded_lines": []
        },
        "TestBashExitCodes.test_script_terminated_by_control_c_exit_code": {
          "executed_lines": [38, 39, 40, 41],
          "summary": {
            "covered_lines": 4,
            "num_statements": 4,
            "percent_covered": 100.0,
            "percent_covered_display": "100",
            "missing_lines": 0,
            "excluded_lines": 0
          },
          "missing_lines": [],
          "excluded_lines": []
        },
        "TestBashExitCodes.test_exit_status_out_of_range_exit_code": {
          "executed_lines": [45, 46, 47, 48],
          "summary": {
            "covered_lines": 4,
            "num_statements": 4,
            "percent_covered": 100.0,
            "percent_covered_display": "100",
            "missing_lines": 0,
            "excluded_lines": 0
          },
          "missing_lines": [],
          "excluded_lines": []
        },
        "TestBashExitCodes.test_unknown_exit_code": {
          "executed_lines": [52, 53, 54, 55],
          "summary": {
            "covered_lines": 4,
            "num_statements": 4,
            "percent_covered": 100.0,
            "percent_covered_display": "100",
            "missing_lines": 0,
            "excluded_lines": 0
          },
          "missing_lines": [],
          "excluded_lines": []
        },
        "": {
          "executed_lines": [
            1, 2, 3, 4, 6, 8, 9, 15, 16, 22, 23, 29, 30, 36, 37, 43, 44, 50, 51,
            57
          ],
          "summary": {
            "covered_lines": 20,
            "num_statements": 21,
            "percent_covered": 95.23809523809524,
            "percent_covered_display": "95",
            "missing_lines": 1,
            "excluded_lines": 0
          },
          "missing_lines": [58],
          "excluded_lines": []
        }
      },
      "classes": {
        "TestBashExitCodes": {
          "executed_lines": [
            10, 11, 12, 13, 17, 18, 19, 20, 24, 25, 26, 27, 31, 32, 33, 34, 38,
            39, 40, 41, 45, 46, 47, 48, 52, 53, 54, 55
          ],
          "summary": {
            "covered_lines": 28,
            "num_statements": 28,
            "percent_covered": 100.0,
            "percent_covered_display": "100",
            "missing_lines": 0,
            "excluded_lines": 0
          },
          "missing_lines": [],
          "excluded_lines": []
        },
        "": {
          "executed_lines": [
            1, 2, 3, 4, 6, 8, 9, 15, 16, 22, 23, 29, 30, 36, 37, 43, 44, 50, 51,
            57
          ],
          "summary": {
            "covered_lines": 20,
            "num_statements": 21,
            "percent_covered": 95.23809523809524,
            "percent_covered_display": "95",
            "missing_lines": 1,
            "excluded_lines": 0
          },
          "missing_lines": [58],
          "excluded_lines": []
        }
      }
    }
  },
  "totals": {
    "covered_lines": 86,
    "num_statements": 89,
    "percent_covered": 96.62921348314607,
    "percent_covered_display": "97",
    "missing_lines": 3,
    "excluded_lines": 0
  }
}
